<?xml version="1.0" encoding="UTF-8"?>
<!-- Generated by org.testng.reporters.JUnitReportReporter -->
<testsuite hostname="cca-lg36-0821.cs.bham.ac.uk" name="TestNGEightPuzzleSearch" tests="1" failures="0" timestamp="4 Mar 2014 15:38:02 GMT" time="0.041" errors="0">
  <testcase name="testRoute" time="0.041" classname="TestNGEightPuzzleSearch"/>
</testsuite> <!-- TestNGEightPuzzleSearch -->
