<?xml version="1.0" encoding="UTF-8"?>
<!-- Generated by org.testng.reporters.JUnitReportReporter -->
<testsuite hostname="cca-ug04-0932.cs.bham.ac.uk" name="TestNGtEightPuzzleSearch" tests="1" failures="0" timestamp="3 Mar 2014 23:23:43 GMT" time="0.031" errors="0">
  <testcase name="testRoute" time="0.031" classname="TestNGtEightPuzzleSearch"/>
</testsuite> <!-- TestNGtEightPuzzleSearch -->
