<?xml version="1.0" encoding="UTF-8"?>
<!-- Generated by org.testng.reporters.JUnitReportReporter -->
<testsuite hostname="cca-ug04-0932.cs.bham.ac.uk" name="TestNGJumbledString" tests="1" failures="0" timestamp="3 Mar 2014 23:26:08 GMT" time="0.052" errors="0">
  <testcase name="testRoute" time="0.052" classname="TestNGJumbledString"/>
</testsuite> <!-- TestNGJumbledString -->
