<?xml version="1.0" encoding="UTF-8"?>
<!-- Generated by org.testng.reporters.JUnitReportReporter -->
<testsuite hostname="cca-ug04-0932.cs.bham.ac.uk" name="TestNGGraph" tests="1" failures="0" timestamp="3 Mar 2014 23:28:48 GMT" time="0.054" errors="0">
  <testcase name="testRoute" time="0.054" classname="TestNGGraph"/>
</testsuite> <!-- TestNGGraph -->
