<?xml version="1.0" encoding="UTF-8"?>
<!-- Generated by org.testng.reporters.JUnitReportReporter -->
<testsuite hostname="cca-ug04-0942.cs.bham.ac.uk" name="TestCode.TestNGEightPuzzleSearch" tests="1" failures="0" timestamp="5 Mar 2014 14:40:58 GMT" time="0.020" errors="0">
  <testcase name="testRoute" time="0.020" classname="TestCode.TestNGEightPuzzleSearch"/>
</testsuite> <!-- TestCode.TestNGEightPuzzleSearch -->
